<?xml version="1.0" encoding="UTF-8"?>
<!-- Generated by org.testng.reporters.JUnitXMLReporter -->
<testsuite ignored="0" hostname="DESKTOP-2MGUQIL" failures="2" tests="2" name="Test" time="22.658" errors="0" timestamp="06 Jan 2023 05:54:19 GMT">
  <testcase classname="ForeignTickets.BookTicketForeignerWithFaker" name="ForeignTicket_2" time="21.978">
    <failure type="org.openqa.selenium.WebDriverException" message="unknown error: net::ERR_NAME_NOT_RESOLVED
  (Session info: chrome=108.0.5359.125)
Build info: version: &amp;apos;4.4.0&amp;apos;, revision: &amp;apos;e5c75ed026a&amp;apos;
System info: host: &amp;apos;DESKTOP-2MGUQIL&amp;apos;, ip: &amp;apos;192.168.17.1&amp;apos;, os.name: &amp;apos;Windows 10&amp;apos;, os.arch: &amp;apos;amd64&amp;apos;, os.version: &amp;apos;10.0&amp;apos;, java.version: &amp;apos;11.0.16&amp;apos;
Driver info: org.openqa.selenium.chrome.ChromeDriver
Command: [6d748e66c4d88e5b6afb0bce02873339, get {url=http://rmgtestingserver/domain/Zoo_Management_System/admin/index.php}]
Capabilities {acceptInsecureCerts: false, browserName: chrome, browserVersion: 108.0.5359.125, chrome: {chromedriverVersion: 108.0.5359.71 (1e0e3868ee06..., userDataDir: C:\Users\INDIA\AppData\Loca...}, goog:chromeOptions: {debuggerAddress: localhost:51720}, networkConnectionEnabled: false, pageLoadStrategy: normal, platformName: WINDOWS, proxy: Proxy(), se:cdp: ws://localhost:51720/devtoo..., se:cdpVersion: 108.0.5359.125, setWindowRect: true, strictFileInteractability: false, timeouts: {implicit: 0, pageLoad: 300000, script: 30000}, unhandledPromptBehavior: dismiss and notify, webauthn:extension:credBlob: true, webauthn:extension:largeBlob: true, webauthn:virtualAuthenticators: true}
Session ID: 6d748e66c4d88e5b6afb0bce02873339">
      <![CDATA[org.openqa.selenium.WebDriverException: unknown error: net::ERR_NAME_NOT_RESOLVED
  (Session info: chrome=108.0.5359.125)
Build info: version: '4.4.0', revision: 'e5c75ed026a'
System info: host: 'DESKTOP-2MGUQIL', ip: '192.168.17.1', os.name: 'Windows 10', os.arch: 'amd64', os.version: '10.0', java.version: '11.0.16'
Driver info: org.openqa.selenium.chrome.ChromeDriver
Command: [6d748e66c4d88e5b6afb0bce02873339, get {url=http://rmgtestingserver/domain/Zoo_Management_System/admin/index.php}]
Capabilities {acceptInsecureCerts: false, browserName: chrome, browserVersion: 108.0.5359.125, chrome: {chromedriverVersion: 108.0.5359.71 (1e0e3868ee06..., userDataDir: C:\Users\INDIA\AppData\Loca...}, goog:chromeOptions: {debuggerAddress: localhost:51720}, networkConnectionEnabled: false, pageLoadStrategy: normal, platformName: WINDOWS, proxy: Proxy(), se:cdp: ws://localhost:51720/devtoo..., se:cdpVersion: 108.0.5359.125, setWindowRect: true, strictFileInteractability: false, timeouts: {implicit: 0, pageLoad: 300000, script: 30000}, unhandledPromptBehavior: dismiss and notify, webauthn:extension:credBlob: true, webauthn:extension:largeBlob: true, webauthn:virtualAuthenticators: true}
Session ID: 6d748e66c4d88e5b6afb0bce02873339
at org.openqa.selenium.remote.codec.w3c.W3CHttpResponseCodec.createException(W3CHttpResponseCodec.java:200)
at org.openqa.selenium.remote.codec.w3c.W3CHttpResponseCodec.decode(W3CHttpResponseCodec.java:133)
at org.openqa.selenium.remote.codec.w3c.W3CHttpResponseCodec.decode(W3CHttpResponseCodec.java:53)
at org.openqa.selenium.remote.HttpCommandExecutor.execute(HttpCommandExecutor.java:184)
at org.openqa.selenium.remote.service.DriverCommandExecutor.invokeExecute(DriverCommandExecutor.java:167)
at org.openqa.selenium.remote.service.DriverCommandExecutor.execute(DriverCommandExecutor.java:142)
at org.openqa.selenium.remote.RemoteWebDriver.execute(RemoteWebDriver.java:547)
at org.openqa.selenium.remote.RemoteWebDriver.get(RemoteWebDriver.java:310)
at ForeignTickets.BookTicketForeignerWithFaker.ForeignTicket_2(BookTicketForeignerWithFaker.java:27)
... Removed 33 stack frames]]>
    </failure>
  </testcase> <!-- ForeignTicket_2 -->
  <testcase classname="ForeignTickets.BookTicketForeignerWithFaker" name="ForeignTicket_2" time="22.046">
    <failure type="java.lang.NullPointerException">
      <![CDATA[java.lang.NullPointerException
at GenericUtility.BaseClass.takeScreenShot(BaseClass.java:76)
at GenericUtility.ListenersImplementation.onTestFailure(ListenersImplementation.java:30)
... Removed 26 stack frames]]>
    </failure>
  </testcase> <!-- ForeignTicket_2 -->
</testsuite> <!-- Test -->
